<?xml version="1.0" encoding="UTF-8"?>
<testsuite name="org.mockito.release.comparison.ZipCompareTest" tests="2" skipped="0" failures="0" errors="0" timestamp="2023-08-05T19:23:13" hostname="Linux" time="0.069">
  <properties/>
  <testcase name="compares zips" classname="org.mockito.release.comparison.ZipCompareTest" time="0.059"/>
  <testcase name="fails early when any of the zips cannot be opened" classname="org.mockito.release.comparison.ZipCompareTest" time="0.01"/>
  <system-out><![CDATA[12:23:13.997 [Test worker] INFO  o.m.release.comparison.ZipCompare - Comparing /tmp/junit1815074440929045600/junit4434323830465968491/zip-1.zip with /tmp/junit1815074440929045600/junit4434323830465968491/zip-2.zip
12:23:13.999 [Test worker] INFO  o.m.release.comparison.ZipCompare - 4 entries matched
12:23:13.999 [Test worker] INFO  o.m.release.comparison.ZipCompare - Comparing /tmp/junit1815074440929045600/junit4434323830465968491/zip-2.zip with /tmp/junit1815074440929045600/junit4434323830465968491/zip-1.zip
12:23:14.000 [Test worker] INFO  o.m.release.comparison.ZipCompare - 4 entries matched
12:23:14.001 [Test worker] INFO  o.m.release.comparison.ZipCompare - Comparing /tmp/junit1815074440929045600/junit4434323830465968491/zip-1.zip with /tmp/junit1815074440929045600/junit4434323830465968491/zip-3.zip
12:23:14.002 [Test worker] INFO  o.m.release.comparison.ZipCompare - x/y/4.txt does not match
12:23:14.002 [Test worker] INFO  o.m.release.comparison.ZipCompare - 3 entries matched
12:23:14.002 [Test worker] INFO  o.m.release.comparison.ZipCompare - 1 entries did not match
12:23:14.006 [Test worker] INFO  o.m.release.comparison.ZipCompare - Comparing /tmp/junit1815074440929045600/junit4434323830465968491/zip-1.zip with /tmp/junit1815074440929045600/junit4434323830465968491/zip-4.zip
12:23:14.006 [Test worker] INFO  o.m.release.comparison.ZipCompare - x/y/4.txt not found in /tmp/junit1815074440929045600/junit4434323830465968491/zip-4.zip
12:23:14.006 [Test worker] INFO  o.m.release.comparison.ZipCompare - 3 entries matched
12:23:14.006 [Test worker] INFO  o.m.release.comparison.ZipCompare - 1 entries did not match
12:23:14.007 [Test worker] INFO  o.m.release.comparison.ZipCompare - Comparing /tmp/junit1815074440929045600/junit4434323830465968491/zip-1.zip with /tmp/junit1815074440929045600/junit4434323830465968491/zip-5.zip
12:23:14.007 [Test worker] INFO  o.m.release.comparison.ZipCompare - x.txt not found in /tmp/junit1815074440929045600/junit4434323830465968491/zip-1.zip
12:23:14.007 [Test worker] INFO  o.m.release.comparison.ZipCompare - 4 entries matched
12:23:14.007 [Test worker] INFO  o.m.release.comparison.ZipCompare - 1 entries did not match
]]></system-out>
  <system-err><![CDATA[]]></system-err>
</testsuite>
