<?xml version="1.0" encoding="UTF-8"?>
<testsuite name="org.mockito.release.comparison.ZipCompareTest" tests="2" skipped="0" failures="0" errors="0" timestamp="2023-08-05T19:26:18" hostname="Linux" time="0.072">
  <properties/>
  <testcase name="compares zips" classname="org.mockito.release.comparison.ZipCompareTest" time="0.059"/>
  <testcase name="fails early when any of the zips cannot be opened" classname="org.mockito.release.comparison.ZipCompareTest" time="0.013"/>
  <system-out><![CDATA[12:26:18.381 [Test worker] INFO  o.m.release.comparison.ZipCompare - Comparing /tmp/junit193623371767479843/junit6977195524393810517/zip-1.zip with /tmp/junit193623371767479843/junit6977195524393810517/zip-2.zip
12:26:18.384 [Test worker] INFO  o.m.release.comparison.ZipCompare - 4 entries matched
12:26:18.384 [Test worker] INFO  o.m.release.comparison.ZipCompare - Comparing /tmp/junit193623371767479843/junit6977195524393810517/zip-2.zip with /tmp/junit193623371767479843/junit6977195524393810517/zip-1.zip
12:26:18.385 [Test worker] INFO  o.m.release.comparison.ZipCompare - 4 entries matched
12:26:18.386 [Test worker] INFO  o.m.release.comparison.ZipCompare - Comparing /tmp/junit193623371767479843/junit6977195524393810517/zip-1.zip with /tmp/junit193623371767479843/junit6977195524393810517/zip-3.zip
12:26:18.386 [Test worker] INFO  o.m.release.comparison.ZipCompare - x/y/4.txt does not match
12:26:18.386 [Test worker] INFO  o.m.release.comparison.ZipCompare - 3 entries matched
12:26:18.386 [Test worker] INFO  o.m.release.comparison.ZipCompare - 1 entries did not match
12:26:18.387 [Test worker] INFO  o.m.release.comparison.ZipCompare - Comparing /tmp/junit193623371767479843/junit6977195524393810517/zip-1.zip with /tmp/junit193623371767479843/junit6977195524393810517/zip-4.zip
12:26:18.390 [Test worker] INFO  o.m.release.comparison.ZipCompare - x/y/4.txt not found in /tmp/junit193623371767479843/junit6977195524393810517/zip-4.zip
12:26:18.391 [Test worker] INFO  o.m.release.comparison.ZipCompare - 3 entries matched
12:26:18.391 [Test worker] INFO  o.m.release.comparison.ZipCompare - 1 entries did not match
12:26:18.391 [Test worker] INFO  o.m.release.comparison.ZipCompare - Comparing /tmp/junit193623371767479843/junit6977195524393810517/zip-1.zip with /tmp/junit193623371767479843/junit6977195524393810517/zip-5.zip
12:26:18.391 [Test worker] INFO  o.m.release.comparison.ZipCompare - x.txt not found in /tmp/junit193623371767479843/junit6977195524393810517/zip-1.zip
12:26:18.391 [Test worker] INFO  o.m.release.comparison.ZipCompare - 4 entries matched
12:26:18.391 [Test worker] INFO  o.m.release.comparison.ZipCompare - 1 entries did not match
]]></system-out>
  <system-err><![CDATA[]]></system-err>
</testsuite>
