<?xml version="1.0" encoding="UTF-8"?>
<testsuite name="org.mockito.release.notes.vcs.GitLogProviderTest" tests="1" skipped="0" failures="0" errors="0" timestamp="2023-08-05T19:26:18" hostname="Linux" time="0.006">
  <properties/>
  <testcase name="provides log" classname="org.mockito.release.notes.vcs.GitLogProviderTest" time="0.006"/>
  <system-out><![CDATA[]]></system-out>
  <system-err><![CDATA[]]></system-err>
</testsuite>
